[0.024s] Invoking command in '/home/kristijan/ros2_ws/build/assumptions_sample_sat': /usr/bin/cmake /home/kristijan/ros2_ws/Fields2Cover/build/_deps/ortools-src/examples/assumptions_sample_sat -DCMAKE_INSTALL_PREFIX=/home/kristijan/ros2_ws/install/assumptions_sample_sat
[0.304s] -- The CXX compiler identification is GNU 13.3.0
[0.304s] -- Detecting CXX compiler ABI info
[0.304s] -- Detecting CXX compiler ABI info - done
[0.304s] -- Check for working CXX compiler: /usr/bin/c++ - skipped
[0.304s] -- Detecting CXX compile features
[0.304s] -- Detecting CXX compile features - done
[0.304s] -- assumptions_sample_sat version: 1.0
[0.304s] -- Build type: Release
[0.314s] [31mCMake Error at CMakeLists.txt:69 (find_package):
[0.314s]   Could not find a package configuration file provided by "ortools" with any
[0.314s]   of the following names:
[0.314s] 
[0.314s]     ortoolsConfig.cmake
[0.314s]     ortools-config.cmake
[0.315s] 
[0.315s]   Add the installation prefix of "ortools" to CMAKE_PREFIX_PATH or set
[0.315s]   "ortools_DIR" to a directory containing one of the above files.  If
[0.315s]   "ortools" provides a separate development package or SDK, be sure it has
[0.315s]   been installed.
[0.315s] 
[0.315s] [0m
[0.315s] -- Configuring incomplete, errors occurred!
