[0.559s] Invoking command in '/home/kristijan/ros2_ws/src/robot_package': PYTHONPATH=/home/kristijan/ros2_ws/build/robot_package/prefix_override:/usr/lib/python3/dist-packages/colcon_core/task/python/colcon_distutils_commands:/home/kristijan/ros2_ws/install/robot_package/lib/python3.12/site-packages:${PYTHONPATH} /usr/bin/python3 -W ignore:setup.py install is deprecated -W ignore:easy_install command is deprecated setup.py egg_info --egg-base ../../build/robot_package build --build-base /home/kristijan/ros2_ws/build/robot_package/build install --record /home/kristijan/ros2_ws/build/robot_package/install.log --single-version-externally-managed install_data
[0.721s] running egg_info
[0.721s] creating ../../build/robot_package/robot_package.egg-info
[0.732s] writing ../../build/robot_package/robot_package.egg-info/PKG-INFO
[0.732s] writing dependency_links to ../../build/robot_package/robot_package.egg-info/dependency_links.txt
[0.732s] writing entry points to ../../build/robot_package/robot_package.egg-info/entry_points.txt
[0.733s] writing requirements to ../../build/robot_package/robot_package.egg-info/requires.txt
[0.733s] writing top-level names to ../../build/robot_package/robot_package.egg-info/top_level.txt
[0.733s] writing manifest file '../../build/robot_package/robot_package.egg-info/SOURCES.txt'
[0.754s] reading manifest file '../../build/robot_package/robot_package.egg-info/SOURCES.txt'
[0.754s] writing manifest file '../../build/robot_package/robot_package.egg-info/SOURCES.txt'
[0.754s] running build
[0.754s] running build_py
[0.754s] creating /home/kristijan/ros2_ws/build/robot_package/build
[0.754s] creating /home/kristijan/ros2_ws/build/robot_package/build/lib
[0.755s] creating /home/kristijan/ros2_ws/build/robot_package/build/lib/robot_package
[0.755s] copying robot_package/datum_relay.py -> /home/kristijan/ros2_ws/build/robot_package/build/lib/robot_package
[0.755s] copying robot_package/__init__.py -> /home/kristijan/ros2_ws/build/robot_package/build/lib/robot_package
[0.755s] running install
[0.758s] running install_lib
[0.769s] creating /home/kristijan/ros2_ws/install/robot_package/lib/python3.12/site-packages/robot_package
[0.769s] copying /home/kristijan/ros2_ws/build/robot_package/build/lib/robot_package/datum_relay.py -> /home/kristijan/ros2_ws/install/robot_package/lib/python3.12/site-packages/robot_package
[0.769s] copying /home/kristijan/ros2_ws/build/robot_package/build/lib/robot_package/__init__.py -> /home/kristijan/ros2_ws/install/robot_package/lib/python3.12/site-packages/robot_package
[0.769s] byte-compiling /home/kristijan/ros2_ws/install/robot_package/lib/python3.12/site-packages/robot_package/datum_relay.py to datum_relay.cpython-312.pyc
[0.770s] byte-compiling /home/kristijan/ros2_ws/install/robot_package/lib/python3.12/site-packages/robot_package/__init__.py to __init__.cpython-312.pyc
[0.770s] running install_data
[0.770s] creating /home/kristijan/ros2_ws/install/robot_package/share/ament_index
[0.770s] creating /home/kristijan/ros2_ws/install/robot_package/share/ament_index/resource_index
[0.770s] creating /home/kristijan/ros2_ws/install/robot_package/share/ament_index/resource_index/packages
[0.770s] copying resource/robot_package -> /home/kristijan/ros2_ws/install/robot_package/share/ament_index/resource_index/packages
[0.770s] copying package.xml -> /home/kristijan/ros2_ws/install/robot_package/share/robot_package
[0.770s] creating /home/kristijan/ros2_ws/install/robot_package/share/robot_package/launch
[0.770s] copying launch/robot.launch.xml -> /home/kristijan/ros2_ws/install/robot_package/share/robot_package/launch
[0.771s] creating /home/kristijan/ros2_ws/install/robot_package/share/robot_package/config
[0.771s] copying config/ekf_global.yaml -> /home/kristijan/ros2_ws/install/robot_package/share/robot_package/config
[0.771s] copying config/navsat.yaml -> /home/kristijan/ros2_ws/install/robot_package/share/robot_package/config
[0.771s] copying config/ekf_local.yaml -> /home/kristijan/ros2_ws/install/robot_package/share/robot_package/config
[0.771s] running install_egg_info
[0.781s] Copying ../../build/robot_package/robot_package.egg-info to /home/kristijan/ros2_ws/install/robot_package/lib/python3.12/site-packages/robot_package-0.0.0-py3.12.egg-info
[0.782s] running install_scripts
[0.868s] Installing datum_relay script to /home/kristijan/ros2_ws/install/robot_package/lib/robot_package
[0.868s] writing list of installed files to '/home/kristijan/ros2_ws/build/robot_package/install.log'
[0.887s] Invoked command in '/home/kristijan/ros2_ws/src/robot_package' returned '0': PYTHONPATH=/home/kristijan/ros2_ws/build/robot_package/prefix_override:/usr/lib/python3/dist-packages/colcon_core/task/python/colcon_distutils_commands:/home/kristijan/ros2_ws/install/robot_package/lib/python3.12/site-packages:${PYTHONPATH} /usr/bin/python3 -W ignore:setup.py install is deprecated -W ignore:easy_install command is deprecated setup.py egg_info --egg-base ../../build/robot_package build --build-base /home/kristijan/ros2_ws/build/robot_package/build install --record /home/kristijan/ros2_ws/build/robot_package/install.log --single-version-externally-managed install_data
