[0.024s] Invoking command in '/home/kristijan/ros2_ws/build/assignment_task_sizes_mip': /usr/bin/cmake /home/kristijan/ros2_ws/Fields2Cover/build/_deps/ortools-src/examples/assignment_task_sizes_mip -DCMAKE_INSTALL_PREFIX=/home/kristijan/ros2_ws/install/assignment_task_sizes_mip
[0.123s] -- The CXX compiler identification is GNU 13.3.0
[0.148s] -- Detecting CXX compiler ABI info
[0.276s] -- Detecting CXX compiler ABI info - done
[0.292s] -- Check for working CXX compiler: /usr/bin/c++ - skipped
[0.292s] -- Detecting CXX compile features
[0.293s] -- Detecting CXX compile features - done
[0.294s] -- assignment_task_sizes_mip version: 1.0
[0.294s] -- Build type: Release
[0.317s] -- Configuring incomplete, errors occurred!
[0.317s] [31mCMake Error at CMakeLists.txt:69 (find_package):
[0.317s]   Could not find a package configuration file provided by "ortools" with any
[0.317s]   of the following names:
[0.318s] 
[0.318s]     ortoolsConfig.cmake
[0.318s]     ortools-config.cmake
[0.318s] 
[0.318s]   Add the installation prefix of "ortools" to CMAKE_PREFIX_PATH or set
[0.318s]   "ortools_DIR" to a directory containing one of the above files.  If
[0.318s]   "ortools" provides a separate development package or SDK, be sure it has
[0.318s]   been installed.
[0.318s] 
[0.318s] [0m
