[0.460s] Invoking command in '/home/kristijan/ros2_ws/src/robot_package': PYTHONPATH=/home/kristijan/ros2_ws/build/robot_package/prefix_override:/usr/lib/python3/dist-packages/colcon_core/task/python/colcon_distutils_commands:/home/kristijan/ros2_ws/install/robot_package/lib/python3.12/site-packages:${PYTHONPATH} /usr/bin/python3 -W ignore:setup.py install is deprecated -W ignore:easy_install command is deprecated setup.py egg_info --egg-base ../../build/robot_package build --build-base /home/kristijan/ros2_ws/build/robot_package/build install --record /home/kristijan/ros2_ws/build/robot_package/install.log --single-version-externally-managed install_data
[0.617s] running egg_info
[0.627s] writing ../../build/robot_package/robot_package.egg-info/PKG-INFO
[0.627s] writing dependency_links to ../../build/robot_package/robot_package.egg-info/dependency_links.txt
[0.627s] writing entry points to ../../build/robot_package/robot_package.egg-info/entry_points.txt
[0.627s] writing requirements to ../../build/robot_package/robot_package.egg-info/requires.txt
[0.627s] writing top-level names to ../../build/robot_package/robot_package.egg-info/top_level.txt
[0.648s] reading manifest file '../../build/robot_package/robot_package.egg-info/SOURCES.txt'
[0.648s] writing manifest file '../../build/robot_package/robot_package.egg-info/SOURCES.txt'
[0.648s] running build
[0.649s] running build_py
[0.649s] copying robot_package/datum_relay.py -> /home/kristijan/ros2_ws/build/robot_package/build/lib/robot_package
[0.649s] running install
[0.653s] running install_lib
[0.665s] copying /home/kristijan/ros2_ws/build/robot_package/build/lib/robot_package/datum_relay.py -> /home/kristijan/ros2_ws/install/robot_package/lib/python3.12/site-packages/robot_package
[0.665s] byte-compiling /home/kristijan/ros2_ws/install/robot_package/lib/python3.12/site-packages/robot_package/datum_relay.py to datum_relay.cpython-312.pyc
[0.666s] running install_data
[0.666s] running install_egg_info
[0.677s] removing '/home/kristijan/ros2_ws/install/robot_package/lib/python3.12/site-packages/robot_package-0.0.0-py3.12.egg-info' (and everything under it)
[0.677s] Copying ../../build/robot_package/robot_package.egg-info to /home/kristijan/ros2_ws/install/robot_package/lib/python3.12/site-packages/robot_package-0.0.0-py3.12.egg-info
[0.678s] running install_scripts
[0.747s] Installing datum_relay script to /home/kristijan/ros2_ws/install/robot_package/lib/robot_package
[0.748s] writing list of installed files to '/home/kristijan/ros2_ws/build/robot_package/install.log'
[0.765s] Invoked command in '/home/kristijan/ros2_ws/src/robot_package' returned '0': PYTHONPATH=/home/kristijan/ros2_ws/build/robot_package/prefix_override:/usr/lib/python3/dist-packages/colcon_core/task/python/colcon_distutils_commands:/home/kristijan/ros2_ws/install/robot_package/lib/python3.12/site-packages:${PYTHONPATH} /usr/bin/python3 -W ignore:setup.py install is deprecated -W ignore:easy_install command is deprecated setup.py egg_info --egg-base ../../build/robot_package build --build-base /home/kristijan/ros2_ws/build/robot_package/build install --record /home/kristijan/ros2_ws/build/robot_package/install.log --single-version-externally-managed install_data
