[0.025s] Invoking command in '/home/kristijan/ros2_ws/build/assignment_linear_sum_assignment': /usr/bin/cmake /home/kristijan/ros2_ws/Fields2Cover/build/_deps/ortools-src/examples/assignment_linear_sum_assignment -DCMAKE_INSTALL_PREFIX=/home/kristijan/ros2_ws/install/assignment_linear_sum_assignment
[0.133s] -- The CXX compiler identification is GNU 13.3.0
[0.160s] -- Detecting CXX compiler ABI info
[0.292s] -- Detecting CXX compiler ABI info - done
[0.326s] -- Check for working CXX compiler: /usr/bin/c++ - skipped
[0.326s] -- Detecting CXX compile features
[0.326s] -- Detecting CXX compile features - done
[0.327s] -- assignment_linear_sum_assignment version: 1.0
[0.327s] -- Build type: Release
[0.335s] [31mCMake Error at CMakeLists.txt:69 (find_package):
[0.335s]   Could not find a package configuration file provided by "ortools" with any
[0.336s]   of the following names:
[0.336s] 
[0.336s]     ortoolsConfig.cmake
[0.336s]     ortools-config.cmake
[0.336s] 
[0.336s]   Add the installation prefix of "ortools" to CMAKE_PREFIX_PATH or set
[0.336s]   "ortools_DIR" to a directory containing one of the above files.  If
[0.336s]   "ortools" provides a separate development package or SDK, be sure it has
[0.336s]   been installed.
[0.336s] 
[0.337s] [0m
[0.337s] -- Configuring incomplete, errors occurred!
