[0.538s] Invoking command in '/home/kristijan/Documents/GitHub/GreenTitan/ros2_ws/src/robot_package': PYTHONPATH=/home/kristijan/Documents/GitHub/GreenTitan/ros2_ws/build/robot_package/prefix_override:/usr/lib/python3/dist-packages/colcon_core/task/python/colcon_distutils_commands:/home/kristijan/Documents/GitHub/GreenTitan/ros2_ws/install/robot_package/lib/python3.12/site-packages:${PYTHONPATH} /usr/bin/python3 -W ignore:setup.py install is deprecated -W ignore:easy_install command is deprecated setup.py egg_info --egg-base ../../build/robot_package build --build-base /home/kristijan/Documents/GitHub/GreenTitan/ros2_ws/build/robot_package/build install --record /home/kristijan/Documents/GitHub/GreenTitan/ros2_ws/build/robot_package/install.log --single-version-externally-managed install_data
[0.704s] running egg_info
[0.704s] creating ../../build/robot_package/robot_package.egg-info
[0.716s] writing ../../build/robot_package/robot_package.egg-info/PKG-INFO
[0.716s] writing dependency_links to ../../build/robot_package/robot_package.egg-info/dependency_links.txt
[0.716s] writing entry points to ../../build/robot_package/robot_package.egg-info/entry_points.txt
[0.716s] writing requirements to ../../build/robot_package/robot_package.egg-info/requires.txt
[0.716s] writing top-level names to ../../build/robot_package/robot_package.egg-info/top_level.txt
[0.716s] writing manifest file '../../build/robot_package/robot_package.egg-info/SOURCES.txt'
[0.739s] reading manifest file '../../build/robot_package/robot_package.egg-info/SOURCES.txt'
[0.739s] writing manifest file '../../build/robot_package/robot_package.egg-info/SOURCES.txt'
[0.739s] running build
[0.739s] running build_py
[0.740s] creating /home/kristijan/Documents/GitHub/GreenTitan/ros2_ws/build/robot_package/build
[0.740s] creating /home/kristijan/Documents/GitHub/GreenTitan/ros2_ws/build/robot_package/build/lib
[0.740s] creating /home/kristijan/Documents/GitHub/GreenTitan/ros2_ws/build/robot_package/build/lib/robot_package
[0.740s] copying robot_package/path_visualizer.py -> /home/kristijan/Documents/GitHub/GreenTitan/ros2_ws/build/robot_package/build/lib/robot_package
[0.740s] copying robot_package/datum_relay.py -> /home/kristijan/Documents/GitHub/GreenTitan/ros2_ws/build/robot_package/build/lib/robot_package
[0.740s] copying robot_package/__init__.py -> /home/kristijan/Documents/GitHub/GreenTitan/ros2_ws/build/robot_package/build/lib/robot_package
[0.740s] running install
[0.744s] running install_lib
[0.755s] creating /home/kristijan/Documents/GitHub/GreenTitan/ros2_ws/install/robot_package/lib/python3.12/site-packages/robot_package
[0.755s] copying /home/kristijan/Documents/GitHub/GreenTitan/ros2_ws/build/robot_package/build/lib/robot_package/path_visualizer.py -> /home/kristijan/Documents/GitHub/GreenTitan/ros2_ws/install/robot_package/lib/python3.12/site-packages/robot_package
[0.755s] copying /home/kristijan/Documents/GitHub/GreenTitan/ros2_ws/build/robot_package/build/lib/robot_package/datum_relay.py -> /home/kristijan/Documents/GitHub/GreenTitan/ros2_ws/install/robot_package/lib/python3.12/site-packages/robot_package
[0.755s] copying /home/kristijan/Documents/GitHub/GreenTitan/ros2_ws/build/robot_package/build/lib/robot_package/__init__.py -> /home/kristijan/Documents/GitHub/GreenTitan/ros2_ws/install/robot_package/lib/python3.12/site-packages/robot_package
[0.755s] byte-compiling /home/kristijan/Documents/GitHub/GreenTitan/ros2_ws/install/robot_package/lib/python3.12/site-packages/robot_package/path_visualizer.py to path_visualizer.cpython-312.pyc
[0.756s] byte-compiling /home/kristijan/Documents/GitHub/GreenTitan/ros2_ws/install/robot_package/lib/python3.12/site-packages/robot_package/datum_relay.py to datum_relay.cpython-312.pyc
[0.757s] byte-compiling /home/kristijan/Documents/GitHub/GreenTitan/ros2_ws/install/robot_package/lib/python3.12/site-packages/robot_package/__init__.py to __init__.cpython-312.pyc
[0.757s] running install_data
[0.758s] creating /home/kristijan/Documents/GitHub/GreenTitan/ros2_ws/install/robot_package/share/ament_index
[0.758s] creating /home/kristijan/Documents/GitHub/GreenTitan/ros2_ws/install/robot_package/share/ament_index/resource_index
[0.758s] creating /home/kristijan/Documents/GitHub/GreenTitan/ros2_ws/install/robot_package/share/ament_index/resource_index/packages
[0.758s] copying resource/robot_package -> /home/kristijan/Documents/GitHub/GreenTitan/ros2_ws/install/robot_package/share/ament_index/resource_index/packages
[0.758s] copying package.xml -> /home/kristijan/Documents/GitHub/GreenTitan/ros2_ws/install/robot_package/share/robot_package
[0.758s] creating /home/kristijan/Documents/GitHub/GreenTitan/ros2_ws/install/robot_package/share/robot_package/launch
[0.758s] copying launch/robot.launch.xml -> /home/kristijan/Documents/GitHub/GreenTitan/ros2_ws/install/robot_package/share/robot_package/launch
[0.758s] creating /home/kristijan/Documents/GitHub/GreenTitan/ros2_ws/install/robot_package/share/robot_package/config
[0.758s] copying config/ekf_global.yaml -> /home/kristijan/Documents/GitHub/GreenTitan/ros2_ws/install/robot_package/share/robot_package/config
[0.758s] copying config/navsat.yaml -> /home/kristijan/Documents/GitHub/GreenTitan/ros2_ws/install/robot_package/share/robot_package/config
[0.759s] copying config/ekf_local.yaml -> /home/kristijan/Documents/GitHub/GreenTitan/ros2_ws/install/robot_package/share/robot_package/config
[0.759s] running install_egg_info
[0.770s] Copying ../../build/robot_package/robot_package.egg-info to /home/kristijan/Documents/GitHub/GreenTitan/ros2_ws/install/robot_package/lib/python3.12/site-packages/robot_package-0.0.0-py3.12.egg-info
[0.771s] running install_scripts
[0.848s] Installing datum_relay script to /home/kristijan/Documents/GitHub/GreenTitan/ros2_ws/install/robot_package/lib/robot_package
[0.848s] Installing path_visualizer script to /home/kristijan/Documents/GitHub/GreenTitan/ros2_ws/install/robot_package/lib/robot_package
[0.848s] writing list of installed files to '/home/kristijan/Documents/GitHub/GreenTitan/ros2_ws/build/robot_package/install.log'
[0.873s] Invoked command in '/home/kristijan/Documents/GitHub/GreenTitan/ros2_ws/src/robot_package' returned '0': PYTHONPATH=/home/kristijan/Documents/GitHub/GreenTitan/ros2_ws/build/robot_package/prefix_override:/usr/lib/python3/dist-packages/colcon_core/task/python/colcon_distutils_commands:/home/kristijan/Documents/GitHub/GreenTitan/ros2_ws/install/robot_package/lib/python3.12/site-packages:${PYTHONPATH} /usr/bin/python3 -W ignore:setup.py install is deprecated -W ignore:easy_install command is deprecated setup.py egg_info --egg-base ../../build/robot_package build --build-base /home/kristijan/Documents/GitHub/GreenTitan/ros2_ws/build/robot_package/build install --record /home/kristijan/Documents/GitHub/GreenTitan/ros2_ws/build/robot_package/install.log --single-version-externally-managed install_data
