[0.511s] Invoking command in '/home/kristijan/ros2_ws/src/robot_package': PYTHONPATH=/home/kristijan/ros2_ws/build/robot_package/prefix_override:/usr/lib/python3/dist-packages/colcon_core/task/python/colcon_distutils_commands:/home/kristijan/ros2_ws/install/robot_package/lib/python3.12/site-packages:${PYTHONPATH} /usr/bin/python3 -W ignore:setup.py install is deprecated -W ignore:easy_install command is deprecated setup.py egg_info --egg-base ../../build/robot_package build --build-base /home/kristijan/ros2_ws/build/robot_package/build install --record /home/kristijan/ros2_ws/build/robot_package/install.log --single-version-externally-managed install_data
[0.673s] running egg_info
[0.692s] writing ../../build/robot_package/robot_package.egg-info/PKG-INFO
[0.692s] writing dependency_links to ../../build/robot_package/robot_package.egg-info/dependency_links.txt
[0.692s] writing entry points to ../../build/robot_package/robot_package.egg-info/entry_points.txt
[0.692s] writing requirements to ../../build/robot_package/robot_package.egg-info/requires.txt
[0.693s] writing top-level names to ../../build/robot_package/robot_package.egg-info/top_level.txt
[0.714s] reading manifest file '../../build/robot_package/robot_package.egg-info/SOURCES.txt'
[0.715s] writing manifest file '../../build/robot_package/robot_package.egg-info/SOURCES.txt'
[0.715s] running build
[0.715s] running build_py
[0.715s] running install
[0.719s] running install_lib
[0.730s] running install_data
[0.730s] running install_egg_info
[0.742s] removing '/home/kristijan/ros2_ws/install/robot_package/lib/python3.12/site-packages/robot_package-0.0.0-py3.12.egg-info' (and everything under it)
[0.742s] Copying ../../build/robot_package/robot_package.egg-info to /home/kristijan/ros2_ws/install/robot_package/lib/python3.12/site-packages/robot_package-0.0.0-py3.12.egg-info
[0.743s] running install_scripts
[0.817s] Installing datum_relay script to /home/kristijan/ros2_ws/install/robot_package/lib/robot_package
[0.817s] writing list of installed files to '/home/kristijan/ros2_ws/build/robot_package/install.log'
[0.837s] Invoked command in '/home/kristijan/ros2_ws/src/robot_package' returned '0': PYTHONPATH=/home/kristijan/ros2_ws/build/robot_package/prefix_override:/usr/lib/python3/dist-packages/colcon_core/task/python/colcon_distutils_commands:/home/kristijan/ros2_ws/install/robot_package/lib/python3.12/site-packages:${PYTHONPATH} /usr/bin/python3 -W ignore:setup.py install is deprecated -W ignore:easy_install command is deprecated setup.py egg_info --egg-base ../../build/robot_package build --build-base /home/kristijan/ros2_ws/build/robot_package/build install --record /home/kristijan/ros2_ws/build/robot_package/install.log --single-version-externally-managed install_data
