[0.468s] Invoking command in '/home/kristijan/ros2_ws/src/robot_package': PYTHONPATH=/home/kristijan/ros2_ws/build/robot_package/prefix_override:/usr/lib/python3/dist-packages/colcon_core/task/python/colcon_distutils_commands:/home/kristijan/ros2_ws/install/robot_package/lib/python3.12/site-packages:${PYTHONPATH} /usr/bin/python3 -W ignore:setup.py install is deprecated -W ignore:easy_install command is deprecated setup.py egg_info --egg-base ../../build/robot_package build --build-base /home/kristijan/ros2_ws/build/robot_package/build install --record /home/kristijan/ros2_ws/build/robot_package/install.log --single-version-externally-managed install_data
[0.628s] running egg_info
[0.638s] writing ../../build/robot_package/robot_package.egg-info/PKG-INFO
[0.639s] writing dependency_links to ../../build/robot_package/robot_package.egg-info/dependency_links.txt
[0.639s] writing entry points to ../../build/robot_package/robot_package.egg-info/entry_points.txt
[0.639s] writing requirements to ../../build/robot_package/robot_package.egg-info/requires.txt
[0.639s] writing top-level names to ../../build/robot_package/robot_package.egg-info/top_level.txt
[0.662s] reading manifest file '../../build/robot_package/robot_package.egg-info/SOURCES.txt'
[0.662s] writing manifest file '../../build/robot_package/robot_package.egg-info/SOURCES.txt'
[0.662s] running build
[0.662s] running build_py
[0.662s] copying robot_package/datum_relay.py -> /home/kristijan/ros2_ws/build/robot_package/build/lib/robot_package
[0.662s] running install
[0.666s] running install_lib
[0.677s] copying /home/kristijan/ros2_ws/build/robot_package/build/lib/robot_package/datum_relay.py -> /home/kristijan/ros2_ws/install/robot_package/lib/python3.12/site-packages/robot_package
[0.677s] byte-compiling /home/kristijan/ros2_ws/install/robot_package/lib/python3.12/site-packages/robot_package/datum_relay.py to datum_relay.cpython-312.pyc
[0.678s] running install_data
[0.678s] copying launch/ekf.launch.xml -> /home/kristijan/ros2_ws/install/robot_package/share/robot_package/launch
[0.678s] copying launch/robot.launch.xml -> /home/kristijan/ros2_ws/install/robot_package/share/robot_package/launch
[0.678s] copying config/navsat.yaml -> /home/kristijan/ros2_ws/install/robot_package/share/robot_package/config
[0.678s] running install_egg_info
[0.690s] removing '/home/kristijan/ros2_ws/install/robot_package/lib/python3.12/site-packages/robot_package-0.0.0-py3.12.egg-info' (and everything under it)
[0.690s] Copying ../../build/robot_package/robot_package.egg-info to /home/kristijan/ros2_ws/install/robot_package/lib/python3.12/site-packages/robot_package-0.0.0-py3.12.egg-info
[0.690s] running install_scripts
[0.762s] Installing datum_relay script to /home/kristijan/ros2_ws/install/robot_package/lib/robot_package
[0.762s] writing list of installed files to '/home/kristijan/ros2_ws/build/robot_package/install.log'
[0.781s] Invoked command in '/home/kristijan/ros2_ws/src/robot_package' returned '0': PYTHONPATH=/home/kristijan/ros2_ws/build/robot_package/prefix_override:/usr/lib/python3/dist-packages/colcon_core/task/python/colcon_distutils_commands:/home/kristijan/ros2_ws/install/robot_package/lib/python3.12/site-packages:${PYTHONPATH} /usr/bin/python3 -W ignore:setup.py install is deprecated -W ignore:easy_install command is deprecated setup.py egg_info --egg-base ../../build/robot_package build --build-base /home/kristijan/ros2_ws/build/robot_package/build install --record /home/kristijan/ros2_ws/build/robot_package/install.log --single-version-externally-managed install_data
