[0.022s] Invoking command in '/home/kristijan/ros2_ws/build/assignment_task_sizes_sat': /usr/bin/cmake /home/kristijan/ros2_ws/Fields2Cover/build/_deps/ortools-src/examples/assignment_task_sizes_sat -DCMAKE_INSTALL_PREFIX=/home/kristijan/ros2_ws/install/assignment_task_sizes_sat
[0.118s] -- The CXX compiler identification is GNU 13.3.0
[0.131s] -- Detecting CXX compiler ABI info
[0.289s] -- Detecting CXX compiler ABI info - done
[0.318s] -- Check for working CXX compiler: /usr/bin/c++ - skipped
[0.318s] -- Detecting CXX compile features
[0.318s] -- Detecting CXX compile features - done
[0.318s] -- assignment_task_sizes_sat version: 1.0
[0.319s] -- Build type: Release
[0.322s] [31mCMake Error at CMakeLists.txt:69 (find_package):
[0.322s]   Could not find a package configuration file provided by "ortools" with any
[0.322s]   of the following names:
[0.322s] 
[0.323s]     ortoolsConfig.cmake
[0.323s]     ortools-config.cmake
[0.323s] 
[0.323s]   Add the installation prefix of "ortools" to CMAKE_PREFIX_PATH or set
[0.323s]   "ortools_DIR" to a directory containing one of the above files.  If
[0.323s]   "ortools" provides a separate development package or SDK, be sure it has
[0.323s]   been installed.
[0.323s] 
[0.323s] [0m
[0.324s] -- Configuring incomplete, errors occurred!
