[0.510s] Invoking command in '/home/kristijan/Documents/GitHub/GreenTitan/ros2_ws/src/robot_package': PYTHONPATH=/home/kristijan/Documents/GitHub/GreenTitan/ros2_ws/build/robot_package/prefix_override:/usr/lib/python3/dist-packages/colcon_core/task/python/colcon_distutils_commands:/home/kristijan/Documents/GitHub/GreenTitan/ros2_ws/install/robot_package/lib/python3.12/site-packages:${PYTHONPATH} /usr/bin/python3 -W ignore:setup.py install is deprecated -W ignore:easy_install command is deprecated setup.py egg_info --egg-base ../../build/robot_package build --build-base /home/kristijan/Documents/GitHub/GreenTitan/ros2_ws/build/robot_package/build install --record /home/kristijan/Documents/GitHub/GreenTitan/ros2_ws/build/robot_package/install.log --single-version-externally-managed install_data
[0.687s] running egg_info
[0.687s] creating ../../build/robot_package/robot_package.egg-info
[0.699s] writing ../../build/robot_package/robot_package.egg-info/PKG-INFO
[0.700s] writing dependency_links to ../../build/robot_package/robot_package.egg-info/dependency_links.txt
[0.700s] writing entry points to ../../build/robot_package/robot_package.egg-info/entry_points.txt
[0.700s] writing requirements to ../../build/robot_package/robot_package.egg-info/requires.txt
[0.700s] writing top-level names to ../../build/robot_package/robot_package.egg-info/top_level.txt
[0.700s] writing manifest file '../../build/robot_package/robot_package.egg-info/SOURCES.txt'
[0.724s] reading manifest file '../../build/robot_package/robot_package.egg-info/SOURCES.txt'
[0.724s] writing manifest file '../../build/robot_package/robot_package.egg-info/SOURCES.txt'
[0.724s] running build
[0.724s] running build_py
[0.724s] creating /home/kristijan/Documents/GitHub/GreenTitan/ros2_ws/build/robot_package/build
[0.724s] creating /home/kristijan/Documents/GitHub/GreenTitan/ros2_ws/build/robot_package/build/lib
[0.724s] creating /home/kristijan/Documents/GitHub/GreenTitan/ros2_ws/build/robot_package/build/lib/robot_package
[0.725s] copying robot_package/path_visualizer.py -> /home/kristijan/Documents/GitHub/GreenTitan/ros2_ws/build/robot_package/build/lib/robot_package
[0.725s] copying robot_package/datum_relay.py -> /home/kristijan/Documents/GitHub/GreenTitan/ros2_ws/build/robot_package/build/lib/robot_package
[0.725s] copying robot_package/__init__.py -> /home/kristijan/Documents/GitHub/GreenTitan/ros2_ws/build/robot_package/build/lib/robot_package
[0.725s] running install
[0.729s] running install_lib
[0.741s] creating /home/kristijan/Documents/GitHub/GreenTitan/ros2_ws/install/robot_package/lib/python3.12/site-packages/robot_package
[0.742s] copying /home/kristijan/Documents/GitHub/GreenTitan/ros2_ws/build/robot_package/build/lib/robot_package/path_visualizer.py -> /home/kristijan/Documents/GitHub/GreenTitan/ros2_ws/install/robot_package/lib/python3.12/site-packages/robot_package
[0.742s] copying /home/kristijan/Documents/GitHub/GreenTitan/ros2_ws/build/robot_package/build/lib/robot_package/datum_relay.py -> /home/kristijan/Documents/GitHub/GreenTitan/ros2_ws/install/robot_package/lib/python3.12/site-packages/robot_package
[0.742s] copying /home/kristijan/Documents/GitHub/GreenTitan/ros2_ws/build/robot_package/build/lib/robot_package/__init__.py -> /home/kristijan/Documents/GitHub/GreenTitan/ros2_ws/install/robot_package/lib/python3.12/site-packages/robot_package
[0.742s] byte-compiling /home/kristijan/Documents/GitHub/GreenTitan/ros2_ws/install/robot_package/lib/python3.12/site-packages/robot_package/path_visualizer.py to path_visualizer.cpython-312.pyc
[0.743s] byte-compiling /home/kristijan/Documents/GitHub/GreenTitan/ros2_ws/install/robot_package/lib/python3.12/site-packages/robot_package/datum_relay.py to datum_relay.cpython-312.pyc
[0.744s] byte-compiling /home/kristijan/Documents/GitHub/GreenTitan/ros2_ws/install/robot_package/lib/python3.12/site-packages/robot_package/__init__.py to __init__.cpython-312.pyc
[0.744s] running install_data
[0.744s] creating /home/kristijan/Documents/GitHub/GreenTitan/ros2_ws/install/robot_package/share/ament_index
[0.744s] creating /home/kristijan/Documents/GitHub/GreenTitan/ros2_ws/install/robot_package/share/ament_index/resource_index
[0.744s] creating /home/kristijan/Documents/GitHub/GreenTitan/ros2_ws/install/robot_package/share/ament_index/resource_index/packages
[0.744s] copying resource/robot_package -> /home/kristijan/Documents/GitHub/GreenTitan/ros2_ws/install/robot_package/share/ament_index/resource_index/packages
[0.744s] copying package.xml -> /home/kristijan/Documents/GitHub/GreenTitan/ros2_ws/install/robot_package/share/robot_package
[0.745s] creating /home/kristijan/Documents/GitHub/GreenTitan/ros2_ws/install/robot_package/share/robot_package/launch
[0.745s] copying launch/robot.launch.xml -> /home/kristijan/Documents/GitHub/GreenTitan/ros2_ws/install/robot_package/share/robot_package/launch
[0.745s] creating /home/kristijan/Documents/GitHub/GreenTitan/ros2_ws/install/robot_package/share/robot_package/config
[0.745s] copying config/ekf_global.yaml -> /home/kristijan/Documents/GitHub/GreenTitan/ros2_ws/install/robot_package/share/robot_package/config
[0.745s] copying config/navsat.yaml -> /home/kristijan/Documents/GitHub/GreenTitan/ros2_ws/install/robot_package/share/robot_package/config
[0.745s] copying config/ekf_local.yaml -> /home/kristijan/Documents/GitHub/GreenTitan/ros2_ws/install/robot_package/share/robot_package/config
[0.745s] running install_egg_info
[0.759s] Copying ../../build/robot_package/robot_package.egg-info to /home/kristijan/Documents/GitHub/GreenTitan/ros2_ws/install/robot_package/lib/python3.12/site-packages/robot_package-0.0.0-py3.12.egg-info
[0.759s] running install_scripts
[0.846s] Installing datum_relay script to /home/kristijan/Documents/GitHub/GreenTitan/ros2_ws/install/robot_package/lib/robot_package
[0.846s] Installing path_visualizer script to /home/kristijan/Documents/GitHub/GreenTitan/ros2_ws/install/robot_package/lib/robot_package
[0.846s] writing list of installed files to '/home/kristijan/Documents/GitHub/GreenTitan/ros2_ws/build/robot_package/install.log'
[0.869s] Invoked command in '/home/kristijan/Documents/GitHub/GreenTitan/ros2_ws/src/robot_package' returned '0': PYTHONPATH=/home/kristijan/Documents/GitHub/GreenTitan/ros2_ws/build/robot_package/prefix_override:/usr/lib/python3/dist-packages/colcon_core/task/python/colcon_distutils_commands:/home/kristijan/Documents/GitHub/GreenTitan/ros2_ws/install/robot_package/lib/python3.12/site-packages:${PYTHONPATH} /usr/bin/python3 -W ignore:setup.py install is deprecated -W ignore:easy_install command is deprecated setup.py egg_info --egg-base ../../build/robot_package build --build-base /home/kristijan/Documents/GitHub/GreenTitan/ros2_ws/build/robot_package/build install --record /home/kristijan/Documents/GitHub/GreenTitan/ros2_ws/build/robot_package/install.log --single-version-externally-managed install_data
