[0.769s] Invoking command in '/home/kristijan/ros2_ws/src/robot_package': PYTHONPATH=/home/kristijan/ros2_ws/build/robot_package/prefix_override:/usr/lib/python3/dist-packages/colcon_core/task/python/colcon_distutils_commands:/home/kristijan/ros2_ws/install/robot_package/lib/python3.12/site-packages:${PYTHONPATH} /usr/bin/python3 -W ignore:setup.py install is deprecated -W ignore:easy_install command is deprecated setup.py egg_info --egg-base ../../build/robot_package build --build-base /home/kristijan/ros2_ws/build/robot_package/build install --record /home/kristijan/ros2_ws/build/robot_package/install.log --single-version-externally-managed install_data
[1.040s] running egg_info
[1.058s] writing ../../build/robot_package/robot_package.egg-info/PKG-INFO
[1.059s] writing dependency_links to ../../build/robot_package/robot_package.egg-info/dependency_links.txt
[1.059s] writing entry points to ../../build/robot_package/robot_package.egg-info/entry_points.txt
[1.059s] writing requirements to ../../build/robot_package/robot_package.egg-info/requires.txt
[1.059s] writing top-level names to ../../build/robot_package/robot_package.egg-info/top_level.txt
[1.097s] reading manifest file '../../build/robot_package/robot_package.egg-info/SOURCES.txt'
[1.097s] writing manifest file '../../build/robot_package/robot_package.egg-info/SOURCES.txt'
[1.098s] running build
[1.098s] running build_py
[1.098s] copying robot_package/datum_relay.py -> /home/kristijan/ros2_ws/build/robot_package/build/lib/robot_package
[1.098s] running install
[1.105s] running install_lib
[1.123s] copying /home/kristijan/ros2_ws/build/robot_package/build/lib/robot_package/datum_relay.py -> /home/kristijan/ros2_ws/install/robot_package/lib/python3.12/site-packages/robot_package
[1.124s] byte-compiling /home/kristijan/ros2_ws/install/robot_package/lib/python3.12/site-packages/robot_package/datum_relay.py to datum_relay.cpython-312.pyc
[1.125s] running install_data
[1.125s] running install_egg_info
[1.146s] removing '/home/kristijan/ros2_ws/install/robot_package/lib/python3.12/site-packages/robot_package-0.0.0-py3.12.egg-info' (and everything under it)
[1.146s] Copying ../../build/robot_package/robot_package.egg-info to /home/kristijan/ros2_ws/install/robot_package/lib/python3.12/site-packages/robot_package-0.0.0-py3.12.egg-info
[1.147s] running install_scripts
[1.273s] Installing datum_relay script to /home/kristijan/ros2_ws/install/robot_package/lib/robot_package
[1.273s] writing list of installed files to '/home/kristijan/ros2_ws/build/robot_package/install.log'
[1.306s] Invoked command in '/home/kristijan/ros2_ws/src/robot_package' returned '0': PYTHONPATH=/home/kristijan/ros2_ws/build/robot_package/prefix_override:/usr/lib/python3/dist-packages/colcon_core/task/python/colcon_distutils_commands:/home/kristijan/ros2_ws/install/robot_package/lib/python3.12/site-packages:${PYTHONPATH} /usr/bin/python3 -W ignore:setup.py install is deprecated -W ignore:easy_install command is deprecated setup.py egg_info --egg-base ../../build/robot_package build --build-base /home/kristijan/ros2_ws/build/robot_package/build install --record /home/kristijan/ros2_ws/build/robot_package/install.log --single-version-externally-managed install_data
