[1.131s] Invoking command in '/home/kristijan/Documents/GitHub/GreenTitan/ros2_ws/src/robot_package': PYTHONPATH=/home/kristijan/Documents/GitHub/GreenTitan/ros2_ws/build/robot_package/prefix_override:/usr/lib/python3/dist-packages/colcon_core/task/python/colcon_distutils_commands:/home/kristijan/Documents/GitHub/GreenTitan/ros2_ws/install/robot_package/lib/python3.12/site-packages:${PYTHONPATH} /usr/bin/python3 -W ignore:setup.py install is deprecated -W ignore:easy_install command is deprecated setup.py egg_info --egg-base ../../build/robot_package build --build-base /home/kristijan/Documents/GitHub/GreenTitan/ros2_ws/build/robot_package/build install --record /home/kristijan/Documents/GitHub/GreenTitan/ros2_ws/build/robot_package/install.log --single-version-externally-managed install_data
[1.433s] running egg_info
[1.453s] writing ../../build/robot_package/robot_package.egg-info/PKG-INFO
[1.454s] writing dependency_links to ../../build/robot_package/robot_package.egg-info/dependency_links.txt
[1.454s] writing entry points to ../../build/robot_package/robot_package.egg-info/entry_points.txt
[1.454s] writing requirements to ../../build/robot_package/robot_package.egg-info/requires.txt
[1.454s] writing top-level names to ../../build/robot_package/robot_package.egg-info/top_level.txt
[1.496s] reading manifest file '../../build/robot_package/robot_package.egg-info/SOURCES.txt'
[1.497s] writing manifest file '../../build/robot_package/robot_package.egg-info/SOURCES.txt'
[1.497s] running build
[1.497s] running build_py
[1.498s] running install
[1.505s] running install_lib
[1.526s] running install_data
[1.527s] running install_egg_info
[1.549s] removing '/home/kristijan/Documents/GitHub/GreenTitan/ros2_ws/install/robot_package/lib/python3.12/site-packages/robot_package-0.0.0-py3.12.egg-info' (and everything under it)
[1.550s] Copying ../../build/robot_package/robot_package.egg-info to /home/kristijan/Documents/GitHub/GreenTitan/ros2_ws/install/robot_package/lib/python3.12/site-packages/robot_package-0.0.0-py3.12.egg-info
[1.551s] running install_scripts
[1.707s] Installing datum_relay script to /home/kristijan/Documents/GitHub/GreenTitan/ros2_ws/install/robot_package/lib/robot_package
[1.708s] Installing path_visualizer script to /home/kristijan/Documents/GitHub/GreenTitan/ros2_ws/install/robot_package/lib/robot_package
[1.709s] writing list of installed files to '/home/kristijan/Documents/GitHub/GreenTitan/ros2_ws/build/robot_package/install.log'
[1.790s] Invoked command in '/home/kristijan/Documents/GitHub/GreenTitan/ros2_ws/src/robot_package' returned '0': PYTHONPATH=/home/kristijan/Documents/GitHub/GreenTitan/ros2_ws/build/robot_package/prefix_override:/usr/lib/python3/dist-packages/colcon_core/task/python/colcon_distutils_commands:/home/kristijan/Documents/GitHub/GreenTitan/ros2_ws/install/robot_package/lib/python3.12/site-packages:${PYTHONPATH} /usr/bin/python3 -W ignore:setup.py install is deprecated -W ignore:easy_install command is deprecated setup.py egg_info --egg-base ../../build/robot_package build --build-base /home/kristijan/Documents/GitHub/GreenTitan/ros2_ws/build/robot_package/build install --record /home/kristijan/Documents/GitHub/GreenTitan/ros2_ws/build/robot_package/install.log --single-version-externally-managed install_data
