[0.023s] Invoking command in '/home/kristijan/ros2_ws/build/assignment_sat': /usr/bin/cmake /home/kristijan/ros2_ws/Fields2Cover/build/_deps/ortools-src/examples/assignment_sat -DCMAKE_INSTALL_PREFIX=/home/kristijan/ros2_ws/install/assignment_sat
[0.123s] -- The CXX compiler identification is GNU 13.3.0
[0.140s] -- Detecting CXX compiler ABI info
[0.271s] -- Detecting CXX compiler ABI info - done
[0.288s] -- Check for working CXX compiler: /usr/bin/c++ - skipped
[0.288s] -- Detecting CXX compile features
[0.288s] -- Detecting CXX compile features - done
[0.288s] -- assignment_sat version: 1.0
[0.288s] -- Build type: Release
[0.308s] [31mCMake Error at CMakeLists.txt:69 (find_package):
[0.308s]   Could not find a package configuration file provided by "ortools" with any
[0.308s]   of the following names:
[0.308s] 
[0.308s]     ortoolsConfig.cmake
[0.308s]     ortools-config.cmake
[0.308s] 
[0.309s]   Add the installation prefix of "ortools" to CMAKE_PREFIX_PATH or set
[0.309s]   "ortools_DIR" to a directory containing one of the above files.  If
[0.309s]   "ortools" provides a separate development package or SDK, be sure it has
[0.309s]   been installed.
[0.310s] 
[0.310s] [0m
[0.311s] -- Configuring incomplete, errors occurred!
