[0.022s] Invoking command in '/home/kristijan/ros2_ws/build/assignment_teams_mip': /usr/bin/cmake /home/kristijan/ros2_ws/Fields2Cover/build/_deps/ortools-src/examples/assignment_teams_mip -DCMAKE_INSTALL_PREFIX=/home/kristijan/ros2_ws/install/assignment_teams_mip
[0.295s] -- The CXX compiler identification is GNU 13.3.0
[0.295s] -- Detecting CXX compiler ABI info
[0.295s] -- Detecting CXX compiler ABI info - done
[0.295s] -- Check for working CXX compiler: /usr/bin/c++ - skipped
[0.296s] -- Detecting CXX compile features
[0.296s] -- Detecting CXX compile features - done
[0.296s] -- assignment_teams_mip version: 1.0
[0.296s] -- Build type: Release
[0.315s] [31mCMake Error at CMakeLists.txt:69 (find_package):
[0.315s]   Could not find a package configuration file provided by "ortools" with any
[0.315s]   of the following names:
[0.315s] 
[0.315s]     ortoolsConfig.cmake
[0.315s]     ortools-config.cmake
[0.315s] 
[0.315s]   Add the installation prefix of "ortools" to CMAKE_PREFIX_PATH or set
[0.315s]   "ortools_DIR" to a directory containing one of the above files.  If
[0.316s]   "ortools" provides a separate development package or SDK, be sure it has
[0.316s]   been installed.
[0.316s] 
[0.316s] [0m
[0.316s] -- Configuring incomplete, errors occurred!
