[0.024s] Invoking command in '/home/kristijan/ros2_ws/build/assignment_mip': /usr/bin/cmake /home/kristijan/ros2_ws/Fields2Cover/build/_deps/ortools-src/examples/assignment_mip -DCMAKE_INSTALL_PREFIX=/home/kristijan/ros2_ws/install/assignment_mip
[0.125s] -- The CXX compiler identification is GNU 13.3.0
[0.144s] -- Detecting CXX compiler ABI info
[0.289s] -- Detecting CXX compiler ABI info - done
[0.316s] -- Check for working CXX compiler: /usr/bin/c++ - skipped
[0.317s] -- Detecting CXX compile features
[0.318s] -- Detecting CXX compile features - done
[0.320s] -- assignment_mip version: 1.0
[0.320s] -- Build type: Release
[0.328s] -- Configuring incomplete, errors occurred!
[0.328s] [31mCMake Error at CMakeLists.txt:69 (find_package):
[0.328s]   Could not find a package configuration file provided by "ortools" with any
[0.328s]   of the following names:
[0.328s] 
[0.328s]     ortoolsConfig.cmake
[0.328s]     ortools-config.cmake
[0.329s] 
[0.329s]   Add the installation prefix of "ortools" to CMAKE_PREFIX_PATH or set
[0.329s]   "ortools_DIR" to a directory containing one of the above files.  If
[0.329s]   "ortools" provides a separate development package or SDK, be sure it has
[0.329s]   been installed.
[0.329s] 
[0.329s] [0m
