/home/kristijan/Documents/GitHub/GreenTitan/ros2_ws/install/robot_package/lib/python3.12/site-packages/robot_package/path_visualizer.py
/home/kristijan/Documents/GitHub/GreenTitan/ros2_ws/install/robot_package/lib/python3.12/site-packages/robot_package/datum_relay.py
/home/kristijan/Documents/GitHub/GreenTitan/ros2_ws/install/robot_package/lib/python3.12/site-packages/robot_package/__init__.py
/home/kristijan/Documents/GitHub/GreenTitan/ros2_ws/install/robot_package/lib/python3.12/site-packages/robot_package/__pycache__/path_visualizer.cpython-312.pyc
/home/kristijan/Documents/GitHub/GreenTitan/ros2_ws/install/robot_package/lib/python3.12/site-packages/robot_package/__pycache__/datum_relay.cpython-312.pyc
/home/kristijan/Documents/GitHub/GreenTitan/ros2_ws/install/robot_package/lib/python3.12/site-packages/robot_package/__pycache__/__init__.cpython-312.pyc
/home/kristijan/Documents/GitHub/GreenTitan/ros2_ws/install/robot_package/share/ament_index/resource_index/packages/robot_package
/home/kristijan/Documents/GitHub/GreenTitan/ros2_ws/install/robot_package/share/robot_package/package.xml
/home/kristijan/Documents/GitHub/GreenTitan/ros2_ws/install/robot_package/share/robot_package/launch/robot.launch.xml
/home/kristijan/Documents/GitHub/GreenTitan/ros2_ws/install/robot_package/share/robot_package/config/ekf_global.yaml
/home/kristijan/Documents/GitHub/GreenTitan/ros2_ws/install/robot_package/share/robot_package/config/navsat.yaml
/home/kristijan/Documents/GitHub/GreenTitan/ros2_ws/install/robot_package/share/robot_package/config/ekf_local.yaml
/home/kristijan/Documents/GitHub/GreenTitan/ros2_ws/install/robot_package/lib/python3.12/site-packages/robot_package-0.0.0-py3.12.egg-info/entry_points.txt
/home/kristijan/Documents/GitHub/GreenTitan/ros2_ws/install/robot_package/lib/python3.12/site-packages/robot_package-0.0.0-py3.12.egg-info/dependency_links.txt
/home/kristijan/Documents/GitHub/GreenTitan/ros2_ws/install/robot_package/lib/python3.12/site-packages/robot_package-0.0.0-py3.12.egg-info/top_level.txt
/home/kristijan/Documents/GitHub/GreenTitan/ros2_ws/install/robot_package/lib/python3.12/site-packages/robot_package-0.0.0-py3.12.egg-info/requires.txt
/home/kristijan/Documents/GitHub/GreenTitan/ros2_ws/install/robot_package/lib/python3.12/site-packages/robot_package-0.0.0-py3.12.egg-info/zip-safe
/home/kristijan/Documents/GitHub/GreenTitan/ros2_ws/install/robot_package/lib/python3.12/site-packages/robot_package-0.0.0-py3.12.egg-info/SOURCES.txt
/home/kristijan/Documents/GitHub/GreenTitan/ros2_ws/install/robot_package/lib/python3.12/site-packages/robot_package-0.0.0-py3.12.egg-info/PKG-INFO
/home/kristijan/Documents/GitHub/GreenTitan/ros2_ws/install/robot_package/lib/robot_package/datum_relay
/home/kristijan/Documents/GitHub/GreenTitan/ros2_ws/install/robot_package/lib/robot_package/path_visualizer
