running egg_info
writing ../../build/robot_package/robot_package.egg-info/PKG-INFO
writing dependency_links to ../../build/robot_package/robot_package.egg-info/dependency_links.txt
writing entry points to ../../build/robot_package/robot_package.egg-info/entry_points.txt
writing requirements to ../../build/robot_package/robot_package.egg-info/requires.txt
writing top-level names to ../../build/robot_package/robot_package.egg-info/top_level.txt
reading manifest file '../../build/robot_package/robot_package.egg-info/SOURCES.txt'
writing manifest file '../../build/robot_package/robot_package.egg-info/SOURCES.txt'
running build
running build_py
running install
running install_lib
running install_data
copying config/navsat.yaml -> /home/kristijan/ros2_ws/install/robot_package/share/robot_package/config
running install_egg_info
removing '/home/kristijan/ros2_ws/install/robot_package/lib/python3.12/site-packages/robot_package-0.0.0-py3.12.egg-info' (and everything under it)
Copying ../../build/robot_package/robot_package.egg-info to /home/kristijan/ros2_ws/install/robot_package/lib/python3.12/site-packages/robot_package-0.0.0-py3.12.egg-info
running install_scripts
Installing datum_relay script to /home/kristijan/ros2_ws/install/robot_package/lib/robot_package
writing list of installed files to '/home/kristijan/ros2_ws/build/robot_package/install.log'
