[0.025s] Invoking command in '/home/kristijan/ros2_ws/build/assignment_min_flow': /usr/bin/cmake /home/kristijan/ros2_ws/Fields2Cover/build/_deps/ortools-src/examples/assignment_min_flow -DCMAKE_INSTALL_PREFIX=/home/kristijan/ros2_ws/install/assignment_min_flow
[0.108s] -- The CXX compiler identification is GNU 13.3.0
[0.144s] -- Detecting CXX compiler ABI info
[0.275s] -- Detecting CXX compiler ABI info - done
[0.283s] -- Check for working CXX compiler: /usr/bin/c++ - skipped
[0.283s] -- Detecting CXX compile features
[0.284s] -- Detecting CXX compile features - done
[0.290s] -- assignment_min_flow version: 1.0
[0.290s] -- Build type: Release
[0.299s] -- Configuring incomplete, errors occurred!
[0.300s] [31mCMake Error at CMakeLists.txt:69 (find_package):
[0.301s]   Could not find a package configuration file provided by "ortools" with any
[0.301s]   of the following names:
[0.301s] 
[0.301s]     ortoolsConfig.cmake
[0.301s]     ortools-config.cmake
[0.301s] 
[0.301s]   Add the installation prefix of "ortools" to CMAKE_PREFIX_PATH or set
[0.301s]   "ortools_DIR" to a directory containing one of the above files.  If
[0.301s]   "ortools" provides a separate development package or SDK, be sure it has
[0.301s]   been installed.
[0.302s] 
[0.302s] [0m
[0.307s] Invoked command in '/home/kristijan/ros2_ws/build/assignment_min_flow' returned '1': /usr/bin/cmake /home/kristijan/ros2_ws/Fields2Cover/build/_deps/ortools-src/examples/assignment_min_flow -DCMAKE_INSTALL_PREFIX=/home/kristijan/ros2_ws/install/assignment_min_flow
